<?xml version="1.0" encoding="UTF-8"?>
<!-- Generated by org.testng.reporters.JUnitReportReporter -->
<testsuite skipped="1" hostname="DESKTOP-N7F78N2" name="com.api.tests.PostRequest2withPojo" tests="2" failures="0" timestamp="29 Jul 2018 03:18:30 GMT" time="1.635" errors="0">
  <testcase name="post_new_Country_using_POJO" time="1.635" classname="com.api.tests.PostRequest2withPojo"/>
  <testcase name="post_new_Region_using_POJO" classname="com.api.tests.PostRequest2withPojo">
    <skipped/>
  </testcase> <!-- post_new_Region_using_POJO -->
</testsuite> <!-- com.api.tests.PostRequest2withPojo -->
