<?xml version="1.0" encoding="UTF-8"?>
<!-- Generated by org.testng.reporters.JUnitReportReporter -->
<testsuite skipped="3" hostname="DESKTOP-N7F78N2" name="com.api.tests.HRrestAPIGetRequests" tests="6" failures="0" timestamp="30 Jul 2018 00:31:18 GMT" time="2.665" errors="0">
  <testcase name="verifyContentTypeWithAssertThat" time="0.308" classname="com.api.tests.HRrestAPIGetRequests"/>
  <testcase name="verify_First_Name" time="0.671" classname="com.api.tests.HRrestAPIGetRequests"/>
  <testcase name="simpleGET" time="1.686" classname="com.api.tests.HRrestAPIGetRequests"/>
  <testcase name="getWithHeaders" classname="com.api.tests.HRrestAPIGetRequests">
    <skipped/>
  </testcase> <!-- getWithHeaders -->
  <testcase name="printResponse" classname="com.api.tests.HRrestAPIGetRequests">
    <skipped/>
  </testcase> <!-- printResponse -->
  <testcase name="negativeGet" classname="com.api.tests.HRrestAPIGetRequests">
    <skipped/>
  </testcase> <!-- negativeGet -->
</testsuite> <!-- com.api.tests.HRrestAPIGetRequests -->
