<?xml version="1.0" encoding="UTF-8"?>
<!-- Generated by org.testng.reporters.JUnitReportReporter -->
<testsuite skipped="3" hostname="DESKTOP-N7F78N2" name="com.api.tests.JSON_Validation" tests="4" failures="0" timestamp="19 Aug 2018 18:58:04 GMT" time="10.558" errors="0">
  <testcase name="test_Regions_version_4" time="10.558" classname="com.api.tests.JSON_Validation"/>
  <testcase name="test_Regions_version_1" classname="com.api.tests.JSON_Validation">
    <skipped/>
  </testcase> <!-- test_Regions_version_1 -->
  <testcase name="test_Regions_version_2" classname="com.api.tests.JSON_Validation">
    <skipped/>
  </testcase> <!-- test_Regions_version_2 -->
  <testcase name="test_Regions_version_3" classname="com.api.tests.JSON_Validation">
    <skipped/>
  </testcase> <!-- test_Regions_version_3 -->
</testsuite> <!-- com.api.tests.JSON_Validation -->
