<?xml version="1.0" encoding="UTF-8"?>
<!-- Generated by org.testng.reporters.JUnitReportReporter -->
<testsuite skipped="0" hostname="DESKTOP-N7F78N2" name="com.api.tests.PostEmployeeThenGetEmployee" tests="1" failures="0" timestamp="29 Jul 2018 03:58:48 GMT" time="1.775" errors="0">
  <testcase name="PostEmployeeThenGetEmployee" time="1.775" classname="com.api.tests.PostEmployeeThenGetEmployee"/>
</testsuite> <!-- com.api.tests.PostEmployeeThenGetEmployee -->
