<?xml version="1.0" encoding="UTF-8"?>
<!-- Generated by org.testng.reporters.JUnitReportReporter -->
<testsuite skipped="0" hostname="DESKTOP-N7F78N2" name="com.api.tests.JSONDataBind" tests="2" failures="0" timestamp="29 Aug 2018 02:19:31 GMT" time="0.201" errors="0">
  <testcase name="simpleGetRequest" time="0.188" classname="com.api.tests.JSONDataBind"/>
  <testcase name="dataBind3" time="0.013" classname="com.api.tests.JSONDataBind"/>
</testsuite> <!-- com.api.tests.JSONDataBind -->
