<?xml version="1.0" encoding="UTF-8"?>
<!-- Generated by org.testng.reporters.JUnitReportReporter -->
<testsuite skipped="0" hostname="DESKTOP-N7F78N2" name="com.api.tests.WarmUp" tests="1" failures="0" timestamp="29 Aug 2018 00:06:10 GMT" time="1.460" errors="0">
  <testcase name="simpleGetRequest" time="1.460" classname="com.api.tests.WarmUp"/>
</testsuite> <!-- com.api.tests.WarmUp -->
