<?xml version="1.0" encoding="UTF-8"?>
<!-- Generated by org.testng.reporters.JUnitReportReporter -->
<testsuite skipped="1" hostname="DESKTOP-N7F78N2" name="com.api.tests.DeSerialization" tests="2" failures="0" timestamp="27 Jul 2018 22:04:04 GMT" time="1.633" errors="0">
  <testcase name="convert_JSON_to_ListOfMap" time="1.633" classname="com.api.tests.DeSerialization"/>
  <testcase name="test_with_JSON_to_HashMap" classname="com.api.tests.DeSerialization">
    <skipped/>
  </testcase> <!-- test_with_JSON_to_HashMap -->
</testsuite> <!-- com.api.tests.DeSerialization -->
