<?xml version="1.0" encoding="UTF-8"?>
<!-- Generated by org.testng.reporters.JUnitReportReporter -->
<testsuite skipped="0" hostname="DESKTOP-N7F78N2" name="com.api.tests.JSONDataBind2" tests="1" failures="0" timestamp="29 Aug 2018 01:59:15 GMT" time="0.203" errors="0">
  <testcase name="dataBind2" time="0.203" classname="com.api.tests.JSONDataBind2"/>
</testsuite> <!-- com.api.tests.JSONDataBind2 -->
