<?xml version="1.0" encoding="UTF-8"?>
<!-- Generated by org.testng.reporters.JUnitReportReporter -->
<testsuite skipped="0" hostname="DESKTOP-N7F78N2" name="com.api.tests.WarmUp2" tests="1" failures="0" timestamp="29 Aug 2018 01:26:03 GMT" time="1.522" errors="0">
  <testcase name="simpleGetRequest" time="1.522" classname="com.api.tests.WarmUp2"/>
</testsuite> <!-- com.api.tests.WarmUp2 -->
