<?xml version="1.0" encoding="UTF-8"?>
<!-- Generated by org.testng.reporters.JUnitReportReporter -->
<testsuite skipped="4" hostname="DESKTOP-N7F78N2" name="com.api.tests.JSON_Path" tests="5" failures="0" timestamp="27 Jul 2018 21:19:04 GMT" time="2.010" errors="0">
  <testcase name="test_JSON_Path_with_Lists" time="2.010" classname="com.api.tests.JSON_Path"/>
  <testcase name="test_with_JSON_Path" classname="com.api.tests.JSON_Path">
    <skipped/>
  </testcase> <!-- test_with_JSON_Path -->
  <testcase name="testitemsCountFromResponseBody" classname="com.api.tests.JSON_Path">
    <skipped/>
  </testcase> <!-- testitemsCountFromResponseBody -->
  <testcase name="test_with_Path_Parameters" classname="com.api.tests.JSON_Path">
    <skipped/>
  </testcase> <!-- test_with_Path_Parameters -->
  <testcase name="test_with_Query_ParameterAndList" classname="com.api.tests.JSON_Path">
    <skipped/>
  </testcase> <!-- test_with_Query_ParameterAndList -->
</testsuite> <!-- com.api.tests.JSON_Path -->
