<?xml version="1.0" encoding="UTF-8"?>
<!-- Generated by org.testng.reporters.JUnitReportReporter -->
<testsuite skipped="0" hostname="DESKTOP-N7F78N2" name="com.api.tests.PostRequests" tests="1" failures="0" timestamp="29 Jul 2018 01:12:29 GMT" time="1.605" errors="0">
  <testcase name="post_New_Region" time="1.605" classname="com.api.tests.PostRequests"/>
</testsuite> <!-- com.api.tests.PostRequests -->
