<?xml version="1.0" encoding="UTF-8"?>
<!-- Generated by org.testng.reporters.JUnitReportReporter -->
<testsuite skipped="0" hostname="DESKTOP-N7F78N2" name="com.api.tests.JSONPath3" tests="2" failures="0" timestamp="25 Aug 2018 21:02:19 GMT" time="1.708" errors="0">
  <testcase name="driverInfoTest" time="1.180" classname="com.api.tests.JSONPath3"/>
  <testcase name="testJSONPath" time="0.528" classname="com.api.tests.JSONPath3"/>
</testsuite> <!-- com.api.tests.JSONPath3 -->
